<?xml version="1.0" encoding="UTF-8"?>
<robot generator="Robot 6.0.2 (Python 3.11.1 on win32)" generated="20230216 14:45:19.765" rpa="false" schemaversion="3">
<suite id="s1" name="Chronos" source="C:\Users\Usuário\Desktop\Robot sem complicação\chronos.robot">
<test id="s1-t1" name="Chronos Test" line="8">
<kw name="Open Browser" library="SeleniumLibrary">
<arg>https://www.demoblaze.com</arg>
<arg>chrome</arg>
<doc>Opens a new browser instance to the optional ``url``.</doc>
<msg timestamp="20230216 14:45:20.239" level="INFO">Opening browser 'chrome' to base url 'https://www.demoblaze.com'.</msg>
<status status="PASS" starttime="20230216 14:45:20.238" endtime="20230216 14:45:24.210"/>
</kw>
<kw name="Maximize Browser Window" library="SeleniumLibrary">
<doc>Maximizes current browser window.</doc>
<status status="PASS" starttime="20230216 14:45:24.213" endtime="20230216 14:45:24.378"/>
</kw>
<status status="PASS" starttime="20230216 14:45:20.236" endtime="20230216 14:45:24.379"/>
</test>
<doc>Robot Framework Sem Complicação</doc>
<status status="PASS" starttime="20230216 14:45:19.769" endtime="20230216 14:45:24.383"/>
</suite>
<statistics>
<total>
<stat pass="1" fail="0" skip="0">All Tests</stat>
</total>
<tag>
</tag>
<suite>
<stat pass="1" fail="0" skip="0" id="s1" name="Chronos">Chronos</stat>
</suite>
</statistics>
<errors>
</errors>
</robot>
