<?xml version="1.0" encoding="UTF-8"?>
<robot generator="Robot 6.0.2 (Python 3.11.1 on win32)" generated="20230216 22:50:05.578" rpa="false" schemaversion="3">
<suite id="s1" name="Chronos" source="C:\Users\Usuário\Desktop\Robot sem complicação\chronos.robot">
<test id="s1-t1" name="Chronos Test" line="13">
<kw name="Open Browser" library="SeleniumLibrary">
<arg>${url}</arg>
<arg>${navegador}</arg>
<doc>Opens a new browser instance to the optional ``url``.</doc>
<msg timestamp="20230216 22:50:06.060" level="INFO">Opening browser 'chrome' to base url 'https://www.demoblaze.com'.</msg>
<status status="PASS" starttime="20230216 22:50:06.059" endtime="20230216 22:50:09.928"/>
</kw>
<kw name="Maximize Browser Window" library="SeleniumLibrary">
<doc>Maximizes current browser window.</doc>
<status status="PASS" starttime="20230216 22:50:09.930" endtime="20230216 22:50:10.091"/>
</kw>
<kw name="Click Link" library="SeleniumLibrary">
<arg>Laptops</arg>
<doc>Clicks a link identified by ``locator``.</doc>
<msg timestamp="20230216 22:50:10.095" level="INFO">Clicking link 'Laptops'.</msg>
<status status="PASS" starttime="20230216 22:50:10.092" endtime="20230216 22:50:10.373"/>
</kw>
<kw name="Wait Until Element Is Visible" library="SeleniumLibrary">
<arg>Link=MacBook Pro</arg>
<doc>Waits until the element ``locator`` is visible.</doc>
<status status="PASS" starttime="20230216 22:50:10.374" endtime="20230216 22:50:11.123"/>
</kw>
<kw name="Click Link" library="SeleniumLibrary">
<arg>MacBook Pro</arg>
<doc>Clicks a link identified by ``locator``.</doc>
<msg timestamp="20230216 22:50:11.126" level="INFO">Clicking link 'MacBook Pro'.</msg>
<status status="PASS" starttime="20230216 22:50:11.124" endtime="20230216 22:50:12.143"/>
</kw>
<kw name="Wait Until Element Is Visible" library="SeleniumLibrary">
<arg>xpath=//div[2]//a</arg>
<doc>Waits until the element ``locator`` is visible.</doc>
<status status="PASS" starttime="20230216 22:50:12.144" endtime="20230216 22:50:12.883"/>
</kw>
<kw name="Click Element" library="SeleniumLibrary">
<arg>xpath=//div[2]//a</arg>
<doc>Click the element identified by ``locator``.</doc>
<msg timestamp="20230216 22:50:12.885" level="INFO">Clicking element 'xpath=//div[2]//a'.</msg>
<status status="PASS" starttime="20230216 22:50:12.884" endtime="20230216 22:50:13.021"/>
</kw>
<kw name="Alert Should Be Present" library="SeleniumLibrary">
<doc>Verifies that an alert is present and by default, accepts it.</doc>
<msg timestamp="20230216 22:50:13.022" level="INFO">HANDLE::&lt;class 'NoneType'&gt;::None</msg>
<status status="PASS" starttime="20230216 22:50:13.022" endtime="20230216 22:50:14.071"/>
</kw>
<status status="PASS" starttime="20230216 22:50:06.057" endtime="20230216 22:50:14.074"/>
</test>
<doc>Robot Framework Sem Complicação</doc>
<status status="PASS" starttime="20230216 22:50:05.582" endtime="20230216 22:50:14.080"/>
</suite>
<statistics>
<total>
<stat pass="1" fail="0" skip="0">All Tests</stat>
</total>
<tag>
</tag>
<suite>
<stat pass="1" fail="0" skip="0" id="s1" name="Chronos">Chronos</stat>
</suite>
</statistics>
<errors>
</errors>
</robot>
